<?xml version="1.0" encoding="UTF-8"?>
<robot generator="Robot 7.2 (Python 3.13.1 on win32)" generated="2025-02-12T15:27:40.275019" rpa="false" schemaversion="5">
<suite id="s1" name="Testcases" source="c:\robot\Testcases">
<suite id="s1-s1" name="basicRF01" source="c:\robot\Testcases\basicRF01.robot">
<kw name="Open Browser" owner="SeleniumLibrary" type="SETUP">
<msg time="2025-02-12T15:27:40.418208" level="INFO">Opening browser 'Chrome' to base url 'http://automationexercise.com'.</msg>
<arg>http://automationexercise.com</arg>
<arg>Chrome</arg>
<doc>Opens a new browser instance to the optional ``url``.</doc>
<status status="PASS" start="2025-02-12T15:27:40.418011" elapsed="4.356415"/>
</kw>
<test id="s1-s1-t1" name="Test Case 16: Place Order: Login before Checkout" line="14">
<kw name="Verify Home Page">
<kw name="Title Should Be" owner="SeleniumLibrary">
<msg time="2025-02-12T15:27:44.778708" level="INFO">Page title is 'Automation Exercise'.</msg>
<arg>Automation Exercise</arg>
<doc>Verifies that the current page title equals ``title``.</doc>
<status status="PASS" start="2025-02-12T15:27:44.775743" elapsed="0.003134"/>
</kw>
<status status="PASS" start="2025-02-12T15:27:44.775428" elapsed="0.003548"/>
</kw>
<kw name="Login">
<kw name="Wait Until Element Is Visible" owner="SeleniumLibrary">
<arg>//*[@id="header"]/div/div/div/div[2]/div/ul/li[4]/a</arg>
<arg>timeout=10s</arg>
<doc>Waits until the element ``locator`` is visible.</doc>
<status status="PASS" start="2025-02-12T15:27:44.779656" elapsed="0.012614"/>
</kw>
<kw name="Click Link" owner="SeleniumLibrary">
<msg time="2025-02-12T15:27:44.792623" level="INFO">Clicking link '//*[@id="header"]/div/div/div/div[2]/div/ul/li[4]/a'.</msg>
<arg>//*[@id="header"]/div/div/div/div[2]/div/ul/li[4]/a</arg>
<doc>Clicks a link identified by ``locator``.</doc>
<status status="PASS" start="2025-02-12T15:27:44.792458" elapsed="0.914221"/>
</kw>
<kw name="Input Text" owner="SeleniumLibrary">
<msg time="2025-02-12T15:27:45.707238" level="INFO">Typing text 'fighterxzed723@gmail.com' into text field 'xpath=//input[@name='email']'.</msg>
<arg>xpath=//input[@name='email']</arg>
<arg>${email}</arg>
<doc>Types the given ``text`` into the text field identified by ``locator``.</doc>
<status status="PASS" start="2025-02-12T15:27:45.706938" elapsed="0.051357"/>
</kw>
<kw name="Input Text" owner="SeleniumLibrary">
<msg time="2025-02-12T15:27:45.758659" level="INFO">Typing text '123456789' into text field 'xpath=//input[@name='password']'.</msg>
<arg>xpath=//input[@name='password']</arg>
<arg>${password}</arg>
<doc>Types the given ``text`` into the text field identified by ``locator``.</doc>
<status status="PASS" start="2025-02-12T15:27:45.758472" elapsed="0.046891"/>
</kw>
<kw name="Click Button" owner="SeleniumLibrary">
<msg time="2025-02-12T15:27:45.805811" level="INFO">Clicking button 'xpath=//button[@data-qa='login-button']'.</msg>
<arg>xpath=//button[@data-qa='login-button']</arg>
<doc>Clicks the button identified by ``locator``.</doc>
<status status="PASS" start="2025-02-12T15:27:45.805578" elapsed="1.227357"/>
</kw>
<arg>${EMAIL}</arg>
<arg>${PASSWORD}</arg>
<status status="PASS" start="2025-02-12T15:27:44.779400" elapsed="2.253666"/>
</kw>
<kw name="Add Products To Cart">
<kw name="Click Element" owner="SeleniumLibrary">
<msg time="2025-02-12T15:27:47.033919" level="INFO">Clicking element '/html/body/section[2]/div/div/div[2]/div/div[2]/div/div[1]/div[2]/div/a/i'.</msg>
<msg time="2025-02-12T15:27:47.163735" level="INFO" html="true">&lt;/td&gt;&lt;/tr&gt;&lt;tr&gt;&lt;td colspan="3"&gt;&lt;a href="selenium-screenshot-1.png"&gt;&lt;img src="selenium-screenshot-1.png" width="800px"&gt;&lt;/a&gt;</msg>
<msg time="2025-02-12T15:27:47.163950" level="FAIL">Element with locator '/html/body/section[2]/div/div/div[2]/div/div[2]/div/div[1]/div[2]/div/a/i' not found.</msg>
<arg>/html/body/section[2]/div/div/div[2]/div/div[2]/div/div[1]/div[2]/div/a/i</arg>
<doc>Click the element identified by ``locator``.</doc>
<status status="FAIL" start="2025-02-12T15:27:47.033761" elapsed="0.132377">Element with locator '/html/body/section[2]/div/div/div[2]/div/div[2]/div/div[1]/div[2]/div/a/i' not found.</status>
</kw>
<status status="FAIL" start="2025-02-12T15:27:47.033531" elapsed="0.132833">Element with locator '/html/body/section[2]/div/div/div[2]/div/div[2]/div/div[1]/div[2]/div/a/i' not found.</status>
</kw>
<kw name="Go To Cart Page">
<status status="NOT RUN" start="2025-02-12T15:27:47.166767" elapsed="0.000105"/>
</kw>
<kw name="Proceed To Checkout">
<status status="NOT RUN" start="2025-02-12T15:27:47.167115" elapsed="0.000092"/>
</kw>
<kw name="Place Order">
<arg>${CARD_NAME}</arg>
<arg>${CARD_NUMBER}</arg>
<arg>${CARD_CVC}</arg>
<arg>${CARD_EXPIRY}</arg>
<status status="NOT RUN" start="2025-02-12T15:27:47.167550" elapsed="0.000096"/>
</kw>
<kw name="Verify Order Success">
<status status="NOT RUN" start="2025-02-12T15:27:47.167941" elapsed="0.000074"/>
</kw>
<kw name="Delete Account">
<status status="NOT RUN" start="2025-02-12T15:27:47.168222" elapsed="0.000072"/>
</kw>
<doc>This test case automates the process of logging in, adding products to the cart, placing an order, and deleting the account.</doc>
<tag>login_checkout</tag>
<tag>place_order</tag>
<status status="FAIL" start="2025-02-12T15:27:44.774649" elapsed="2.394044">Element with locator '/html/body/section[2]/div/div/div[2]/div/div[2]/div/div[1]/div[2]/div/a/i' not found.</status>
</test>
<status status="FAIL" start="2025-02-12T15:27:40.297948" elapsed="6.871880"/>
</suite>
<status status="FAIL" start="2025-02-12T15:27:40.286847" elapsed="6.883977"/>
</suite>
<statistics>
<total>
<stat pass="0" fail="1" skip="0">All Tests</stat>
</total>
<tag>
<stat pass="0" fail="1" skip="0">login_checkout</stat>
<stat pass="0" fail="1" skip="0">place_order</stat>
</tag>
<suite>
<stat name="Testcases" id="s1" pass="0" fail="1" skip="0">Testcases</stat>
<stat name="basicRF01" id="s1-s1" pass="0" fail="1" skip="0">Testcases.basicRF01</stat>
</suite>
</statistics>
<errors>
</errors>
</robot>
