<?xml version="1.0" encoding="UTF-8"?>
<robot generator="Robot 7.2 (Python 3.13.1 on win32)" generated="2025-02-12T14:59:42.063490" rpa="false" schemaversion="5">
<suite id="s1" name="basicRF01" source="C:\robot\Testcases\basicRF01.robot">
<kw name="Open Browser" owner="SeleniumLibrary" type="SETUP">
<msg time="2025-02-12T14:59:42.185979" level="INFO">Opening browser 'Chrome' to base url 'http://automationexercise.com'.</msg>
<arg>http://automationexercise.com</arg>
<arg>Chrome</arg>
<doc>Opens a new browser instance to the optional ``url``.</doc>
<status status="PASS" start="2025-02-12T14:59:42.185847" elapsed="4.524164"/>
</kw>
<test id="s1-t1" name="Test Case 16: Place Order: Login before Checkout" line="14">
<kw name="Verify Home Page">
<kw name="Title Should Be" owner="SeleniumLibrary">
<msg time="2025-02-12T14:59:46.714015" level="INFO">Page title is 'Automation Exercise'.</msg>
<arg>Automation Exercise</arg>
<doc>Verifies that the current page title equals ``title``.</doc>
<status status="PASS" start="2025-02-12T14:59:46.711104" elapsed="0.003006"/>
</kw>
<status status="PASS" start="2025-02-12T14:59:46.710866" elapsed="0.003351"/>
</kw>
<kw name="Login">
<kw name="Wait Until Element Is Visible" owner="SeleniumLibrary">
<arg>//*[@id="header"]/div/div/div/div[2]/div/ul/li[4]/a</arg>
<arg>timeout=10s</arg>
<doc>Waits until the element ``locator`` is visible.</doc>
<status status="PASS" start="2025-02-12T14:59:46.714775" elapsed="0.015393"/>
</kw>
<kw name="Click Link" owner="SeleniumLibrary">
<msg time="2025-02-12T14:59:46.730380" level="INFO">Clicking link '//*[@id="header"]/div/div/div/div[2]/div/ul/li[4]/a'.</msg>
<arg>//*[@id="header"]/div/div/div/div[2]/div/ul/li[4]/a</arg>
<doc>Clicks a link identified by ``locator``.</doc>
<status status="PASS" start="2025-02-12T14:59:46.730275" elapsed="0.932587"/>
</kw>
<kw name="Input Text" owner="SeleniumLibrary">
<msg time="2025-02-12T14:59:47.663252" level="INFO">Typing text 'fighterxzed723@gmail.com' into text field 'xpath=//input[@name='email']'.</msg>
<arg>xpath=//input[@name='email']</arg>
<arg>${email}</arg>
<doc>Types the given ``text`` into the text field identified by ``locator``.</doc>
<status status="PASS" start="2025-02-12T14:59:47.663033" elapsed="0.055171"/>
</kw>
<kw name="Input Text" owner="SeleniumLibrary">
<msg time="2025-02-12T14:59:47.718470" level="INFO">Typing text '123456789' into text field 'xpath=//input[@name='password']'.</msg>
<arg>xpath=//input[@name='password']</arg>
<arg>${password}</arg>
<doc>Types the given ``text`` into the text field identified by ``locator``.</doc>
<status status="PASS" start="2025-02-12T14:59:47.718324" elapsed="0.049009"/>
</kw>
<kw name="Click Button" owner="SeleniumLibrary">
<msg time="2025-02-12T14:59:47.767659" level="INFO">Clicking button 'xpath=//button[@data-qa='login-button']'.</msg>
<arg>xpath=//button[@data-qa='login-button']</arg>
<doc>Clicks the button identified by ``locator``.</doc>
<status status="PASS" start="2025-02-12T14:59:47.767504" elapsed="1.351469"/>
</kw>
<arg>${EMAIL}</arg>
<arg>${PASSWORD}</arg>
<status status="PASS" start="2025-02-12T14:59:46.714484" elapsed="2.404603"/>
</kw>
<kw name="Add Products To Cart">
<kw name="Click Element" owner="SeleniumLibrary">
<msg time="2025-02-12T14:59:49.119821" level="INFO">Clicking element '/html/body/section[2]/div/div/div[2]/div/div[2]/div/div[1]/div[2]/div/a/i'.</msg>
<msg time="2025-02-12T14:59:49.224223" level="INFO" html="true">&lt;/td&gt;&lt;/tr&gt;&lt;tr&gt;&lt;td colspan="3"&gt;&lt;a href="selenium-screenshot-39.png"&gt;&lt;img src="selenium-screenshot-39.png" width="800px"&gt;&lt;/a&gt;</msg>
<msg time="2025-02-12T14:59:49.224346" level="FAIL">Element with locator '/html/body/section[2]/div/div/div[2]/div/div[2]/div/div[1]/div[2]/div/a/i' not found.</msg>
<arg>/html/body/section[2]/div/div/div[2]/div/div[2]/div/div[1]/div[2]/div/a/i</arg>
<doc>Click the element identified by ``locator``.</doc>
<status status="FAIL" start="2025-02-12T14:59:49.119680" elapsed="0.105996">Element with locator '/html/body/section[2]/div/div/div[2]/div/div[2]/div/div[1]/div[2]/div/a/i' not found.</status>
</kw>
<status status="FAIL" start="2025-02-12T14:59:49.119449" elapsed="0.106329">Element with locator '/html/body/section[2]/div/div/div[2]/div/div[2]/div/div[1]/div[2]/div/a/i' not found.</status>
</kw>
<kw name="Go To Cart Page">
<status status="NOT RUN" start="2025-02-12T14:59:49.226128" elapsed="0.000038"/>
</kw>
<kw name="Proceed To Checkout">
<status status="NOT RUN" start="2025-02-12T14:59:49.226294" elapsed="0.000021"/>
</kw>
<kw name="Place Order">
<arg>${CARD_NAME}</arg>
<arg>${CARD_NUMBER}</arg>
<arg>${CARD_CVC}</arg>
<arg>${CARD_EXPIRY}</arg>
<status status="NOT RUN" start="2025-02-12T14:59:49.226415" elapsed="0.000014"/>
</kw>
<kw name="Verify Order Success">
<status status="NOT RUN" start="2025-02-12T14:59:49.226505" elapsed="0.000012"/>
</kw>
<kw name="Delete Account">
<status status="NOT RUN" start="2025-02-12T14:59:49.226583" elapsed="0.000011"/>
</kw>
<doc>This test case automates the process of logging in, adding products to the cart, placing an order, and deleting the account.</doc>
<tag>login_checkout</tag>
<tag>place_order</tag>
<status status="FAIL" start="2025-02-12T14:59:46.710221" elapsed="2.516473">Element with locator '/html/body/section[2]/div/div/div[2]/div/div[2]/div/div[1]/div[2]/div/a/i' not found.</status>
</test>
<status status="FAIL" start="2025-02-12T14:59:42.064118" elapsed="7.163107"/>
</suite>
<statistics>
<total>
<stat pass="0" fail="1" skip="0">All Tests</stat>
</total>
<tag>
<stat pass="0" fail="1" skip="0">login_checkout</stat>
<stat pass="0" fail="1" skip="0">place_order</stat>
</tag>
<suite>
<stat name="basicRF01" id="s1" pass="0" fail="1" skip="0">basicRF01</stat>
</suite>
</statistics>
<errors>
</errors>
</robot>
